[debug] [2024-09-16T05:28:08.136Z] ----------------------------------------------------------------------
[debug] [2024-09-16T05:28:08.140Z] Command:       C:\Program Files\nodejs\node.exe C:\Program Files\nodejs\node_modules\firebase-tools\lib\bin\firebase.js deploy
[debug] [2024-09-16T05:28:08.140Z] CLI Version:   13.17.0
[debug] [2024-09-16T05:28:08.140Z] Platform:      win32
[debug] [2024-09-16T05:28:08.141Z] Node Version:  v20.11.1
[debug] [2024-09-16T05:28:08.141Z] Time:          Mon Sep 16 2024 11:58:08 GMT+0630 (Myanmar Time)
[debug] [2024-09-16T05:28:08.141Z] ----------------------------------------------------------------------
[debug] 
[debug] [2024-09-16T05:28:08.304Z] > command requires scopes: ["email","openid","https://www.googleapis.com/auth/cloudplatformprojects.readonly","https://www.googleapis.com/auth/firebase","https://www.googleapis.com/auth/cloud-platform"]
[debug] [2024-09-16T05:28:08.305Z] > authorizing via signed-in user (antun.rak@gmail.com)
[debug] [2024-09-16T05:28:08.305Z] [iam] checking project portfolio-7693b for permissions ["firebase.projects.get","firebasehosting.sites.update"]
[debug] [2024-09-16T05:28:08.309Z] >>> [apiv2][query] POST https://cloudresourcemanager.googleapis.com/v1/projects/portfolio-7693b:testIamPermissions [none]
[debug] [2024-09-16T05:28:08.309Z] >>> [apiv2][(partial)header] POST https://cloudresourcemanager.googleapis.com/v1/projects/portfolio-7693b:testIamPermissions x-goog-quota-user=projects/portfolio-7693b
[debug] [2024-09-16T05:28:08.310Z] >>> [apiv2][body] POST https://cloudresourcemanager.googleapis.com/v1/projects/portfolio-7693b:testIamPermissions {"permissions":["firebase.projects.get","firebasehosting.sites.update"]}
[debug] [2024-09-16T05:28:10.275Z] <<< [apiv2][status] POST https://cloudresourcemanager.googleapis.com/v1/projects/portfolio-7693b:testIamPermissions 200
[debug] [2024-09-16T05:28:10.275Z] <<< [apiv2][body] POST https://cloudresourcemanager.googleapis.com/v1/projects/portfolio-7693b:testIamPermissions {"permissions":["firebase.projects.get","firebasehosting.sites.update"]}
[debug] [2024-09-16T05:28:10.276Z] >>> [apiv2][query] GET https://firebase.googleapis.com/v1beta1/projects/portfolio-7693b [none]
[debug] [2024-09-16T05:28:11.950Z] <<< [apiv2][status] GET https://firebase.googleapis.com/v1beta1/projects/portfolio-7693b 200
[debug] [2024-09-16T05:28:11.951Z] <<< [apiv2][body] GET https://firebase.googleapis.com/v1beta1/projects/portfolio-7693b {"projectId":"portfolio-7693b","projectNumber":"242379517102","displayName":"portfolio","name":"projects/portfolio-7693b","resources":{"hostingSite":"portfolio-7693b"},"state":"ACTIVE","etag":"1_a49a8a89-84cc-446c-bd3d-64f6ab914633"}
[debug] [2024-09-16T05:28:31.882Z] SyntaxError: Unexpected end of JSON input
    at JSON.parse (<anonymous>)
    at findDependency (C:\Users\antun\AppData\Roaming\nvm\v20.11.1\node_modules\firebase-tools\lib\frameworks\utils.js:188:23)
    at prepareFrameworks (C:\Users\antun\AppData\Roaming\nvm\v20.11.1\node_modules\firebase-tools\lib\frameworks\index.js:125:64)
    at deploy (C:\Users\antun\AppData\Roaming\nvm\v20.11.1\node_modules\firebase-tools\lib\deploy\index.js:57:54)
    at Command.actionFn (C:\Users\antun\AppData\Roaming\nvm\v20.11.1\node_modules\firebase-tools\lib\commands\deploy.js:134:32)
    at C:\Users\antun\AppData\Roaming\nvm\v20.11.1\node_modules\firebase-tools\lib\command.js:228:25
    at process.processTicksAndRejections (node:internal/process/task_queues:95:5)
[error] 
[error] Error: An unexpected error has occurred.
